<?xml version="1.0" encoding="UTF-8"?>
<!-- Generated by org.testng.reporters.JUnitReportReporter -->
<testsuite hostname="INLEN8520046731" failures="0" tests="1" name="com.w2a.testcases.BankManagerLoginTest" time="3.327" errors="0" timestamp="08 Mar 2023 08:51:47 GMT" skipped="0">
  <testcase classname="com.w2a.testcases.BankManagerLoginTest" name="bankManagerLoginTest" time="3.327"/>
</testsuite> <!-- com.w2a.testcases.BankManagerLoginTest -->
