<?xml version="1.0" encoding="UTF-8"?>
<!-- Generated by org.testng.reporters.JUnitReportReporter -->
<testsuite hostname="INLEN8520046731" failures="0" tests="1" name="com.w2a.testcases.OpenAccountTest" time="2.906" errors="0" timestamp="08 Mar 2023 08:51:47 GMT" skipped="0">
  <testcase classname="com.w2a.testcases.OpenAccountTest" name="openAccountTest" time="2.906"/>
</testsuite> <!-- com.w2a.testcases.OpenAccountTest -->
